2023-09-11 14:53:43,681 - INFO - Serving on http://0.0.0.0:5001
2023-09-11 14:59:58,452 - INFO - starting
2023-09-11 14:59:58,454 - INFO - Inserting to Order submit
2023-09-11 14:59:58,454 - INFO - checking if table exist!!...
2023-09-11 14:59:58,464 - INFO - session closed
2023-09-11 14:59:58,464 - INFO - checking if table exist!!...
2023-09-11 14:59:58,467 - INFO - session closed
2023-09-11 14:59:58,467 - INFO - corresponding record found
2023-09-11 14:59:58,467 - INFO - checking if table exist!!...
2023-09-11 14:59:58,470 - INFO - row inserted!..
2023-09-11 14:59:58,477 - INFO - session closed
2023-09-11 14:59:58,477 - INFO - Pushing to kafka
2023-09-11 14:59:58,479 - INFO - <BrokerConnection node_id=bootstrap-0 host=localhost:9092 <connecting> [IPv6 ('::1', 9092, 0, 0)]>: connecting to localhost:9092 [('::1', 9092, 0, 0) IPv6]
2023-09-11 14:59:58,479 - INFO - Probing node bootstrap-0 broker version
2023-09-11 14:59:58,480 - INFO - <BrokerConnection node_id=bootstrap-0 host=localhost:9092 <connecting> [IPv6 ('::1', 9092, 0, 0)]>: Connection complete.
2023-09-11 14:59:58,587 - INFO - Broker version identifed as 1.0.0
2023-09-11 14:59:58,587 - INFO - Set configuration api_version=(1, 0, 0) to skip auto check_version requests on startup
2023-09-11 14:59:58,592 - INFO - <BrokerConnection node_id=0 host=instance-1.us-west4-b.c.apitest-390916.internal:9092 <connecting> [IPv4 ('10.182.0.4', 9092)]>: connecting to instance-1.us-west4-b.c.apitest-390916.internal:9092 [('10.182.0.4', 9092) IPv4]
2023-09-11 14:59:58,593 - INFO - <BrokerConnection node_id=0 host=instance-1.us-west4-b.c.apitest-390916.internal:9092 <connecting> [IPv4 ('10.182.0.4', 9092)]>: Connection complete.
2023-09-11 14:59:58,593 - INFO - <BrokerConnection node_id=bootstrap-0 host=localhost:9092 <connected> [IPv6 ('::1', 9092, 0, 0)]>: Closing connection. 
2023-09-11 14:59:58,612 - INFO - Message delivered to topic:wt-topic-0 in Partition: 2 with Offset: 11
2023-09-11 14:59:58,612 - INFO - Closing the Kafka producer with 9223372036.0 secs timeout.
2023-09-11 14:59:58,612 - INFO - <BrokerConnection node_id=0 host=instance-1.us-west4-b.c.apitest-390916.internal:9092 <connected> [IPv4 ('10.182.0.4', 9092)]>: Closing connection. 
2023-09-11 14:59:58,613 - INFO - Kafka producer closed
2023-09-11 17:34:57,156 - INFO - Serving on http://0.0.0.0:5001
2023-09-11 18:09:00,925 - INFO - starting
2023-09-11 18:09:00,927 - INFO - Inserting to Order submit
2023-09-11 18:09:00,927 - INFO - checking if table exist!!...
2023-09-11 18:09:00,936 - INFO - session closed
2023-09-11 18:09:00,937 - INFO - checking if table exist!!...
2023-09-11 18:09:00,939 - INFO - session closed
2023-09-11 18:09:00,940 - INFO - corresponding record found
2023-09-11 18:09:00,940 - INFO - checking if table exist!!...
2023-09-11 18:09:00,944 - INFO - row inserted!..
2023-09-11 18:09:00,949 - INFO - session closed
2023-09-11 18:09:00,949 - INFO - Pushing to kafka
2023-09-11 18:09:00,951 - INFO - <BrokerConnection node_id=bootstrap-0 host=localhost:9092 <connecting> [IPv6 ('::1', 9092, 0, 0)]>: connecting to localhost:9092 [('::1', 9092, 0, 0) IPv6]
2023-09-11 18:09:00,951 - INFO - Probing node bootstrap-0 broker version
2023-09-11 18:09:00,951 - INFO - <BrokerConnection node_id=bootstrap-0 host=localhost:9092 <connecting> [IPv6 ('::1', 9092, 0, 0)]>: Connection complete.
2023-09-11 18:09:01,054 - INFO - Broker version identifed as 1.0.0
2023-09-11 18:09:01,054 - INFO - Set configuration api_version=(1, 0, 0) to skip auto check_version requests on startup
2023-09-11 18:09:01,058 - INFO - <BrokerConnection node_id=0 host=instance-1.us-west4-b.c.apitest-390916.internal:9092 <connecting> [IPv4 ('10.182.0.4', 9092)]>: connecting to instance-1.us-west4-b.c.apitest-390916.internal:9092 [('10.182.0.4', 9092) IPv4]
2023-09-11 18:09:01,058 - INFO - <BrokerConnection node_id=0 host=instance-1.us-west4-b.c.apitest-390916.internal:9092 <connecting> [IPv4 ('10.182.0.4', 9092)]>: Connection complete.
2023-09-11 18:09:01,059 - INFO - <BrokerConnection node_id=bootstrap-0 host=localhost:9092 <connected> [IPv6 ('::1', 9092, 0, 0)]>: Closing connection. 
2023-09-11 18:09:01,078 - INFO - Message delivered to topic:wt-topic-0 in Partition: 0 with Offset: 0
2023-09-11 18:09:01,078 - INFO - Closing the Kafka producer with 9223372036.0 secs timeout.
2023-09-11 18:09:01,078 - INFO - <BrokerConnection node_id=0 host=instance-1.us-west4-b.c.apitest-390916.internal:9092 <connected> [IPv4 ('10.182.0.4', 9092)]>: Closing connection. 
2023-09-11 18:09:01,079 - INFO - Kafka producer closed
2023-09-11 18:16:07,172 - INFO - starting
2023-09-11 18:16:07,174 - INFO - Inserting to Order submit
2023-09-11 18:16:07,174 - INFO - checking if table exist!!...
2023-09-11 18:16:07,178 - INFO - session closed
2023-09-11 18:16:07,178 - INFO - checking if table exist!!...
2023-09-11 18:16:07,180 - INFO - session closed
2023-09-11 18:16:07,181 - INFO - corresponding record found
2023-09-11 18:16:07,181 - INFO - checking if table exist!!...
2023-09-11 18:16:07,185 - INFO - row inserted!..
2023-09-11 18:16:07,191 - INFO - session closed
2023-09-11 18:16:07,191 - INFO - Pushing to kafka
2023-09-11 18:16:07,192 - INFO - <BrokerConnection node_id=bootstrap-0 host=localhost:9092 <connecting> [IPv6 ('::1', 9092, 0, 0)]>: connecting to localhost:9092 [('::1', 9092, 0, 0) IPv6]
2023-09-11 18:16:07,193 - INFO - Probing node bootstrap-0 broker version
2023-09-11 18:16:07,194 - INFO - <BrokerConnection node_id=bootstrap-0 host=localhost:9092 <connecting> [IPv6 ('::1', 9092, 0, 0)]>: Connection complete.
2023-09-11 18:16:07,296 - INFO - Broker version identifed as 1.0.0
2023-09-11 18:16:07,296 - INFO - Set configuration api_version=(1, 0, 0) to skip auto check_version requests on startup
2023-09-11 18:16:07,300 - INFO - <BrokerConnection node_id=0 host=instance-1.us-west4-b.c.apitest-390916.internal:9092 <connecting> [IPv4 ('10.182.0.4', 9092)]>: connecting to instance-1.us-west4-b.c.apitest-390916.internal:9092 [('10.182.0.4', 9092) IPv4]
2023-09-11 18:16:07,300 - INFO - <BrokerConnection node_id=0 host=instance-1.us-west4-b.c.apitest-390916.internal:9092 <connecting> [IPv4 ('10.182.0.4', 9092)]>: Connection complete.
2023-09-11 18:16:07,300 - INFO - <BrokerConnection node_id=bootstrap-0 host=localhost:9092 <connected> [IPv6 ('::1', 9092, 0, 0)]>: Closing connection. 
2023-09-11 18:16:07,304 - INFO - Message delivered to topic:wt-topic-0 in Partition: 1 with Offset: 0
2023-09-11 18:16:07,305 - INFO - Closing the Kafka producer with 9223372036.0 secs timeout.
2023-09-11 18:16:07,306 - INFO - <BrokerConnection node_id=0 host=instance-1.us-west4-b.c.apitest-390916.internal:9092 <connected> [IPv4 ('10.182.0.4', 9092)]>: Closing connection. 
2023-09-11 18:16:07,308 - INFO - Kafka producer closed
2023-09-11 18:24:20,458 - INFO - starting
2023-09-11 18:24:20,460 - INFO - Inserting to Order submit
2023-09-11 18:24:20,460 - INFO - checking if table exist!!...
2023-09-11 18:24:20,464 - INFO - session closed
2023-09-11 18:24:20,464 - INFO - checking if table exist!!...
2023-09-11 18:24:20,467 - INFO - session closed
2023-09-11 18:24:20,468 - INFO - corresponding record found
2023-09-11 18:24:20,468 - INFO - checking if table exist!!...
2023-09-11 18:24:20,470 - ERROR - issue with query:(pymysql.err.IntegrityError) (1062, "Duplicate entry '36141bb3a7ccccb7c733e7bff6b697abe84da8c6-00000000-0000-0000-2f07' for key 'tbl_payment_metadata_producer.PRIMARY'")
[SQL: INSERT INTO external.tbl_payment_metadata_producer VALUES ('rtrtujfgfgdgfdjfhfgfdf676fghfgh', '36141bb3a7ccccb7c733e7bff6b697abe84da8c6', '00000000-0000-0000-2f07-d4b76aa8fa79', 'ghghfllrror527kll9l898l', 'hjhjrffffffffffff', 1, 1493.67, 1694456660468075811);]
(Background on this error at: https://sqlalche.me/e/20/gkpj)
2023-09-11 18:24:20,470 - INFO - session closed
2023-09-11 18:24:20,470 - ERROR - Issue with Inset_to_order function.. 
2023-09-11 18:25:16,836 - INFO - starting
2023-09-11 18:25:16,837 - INFO - Inserting to Order submit
2023-09-11 18:25:16,837 - INFO - checking if table exist!!...
2023-09-11 18:25:16,842 - INFO - session closed
2023-09-11 18:25:16,842 - INFO - checking if table exist!!...
2023-09-11 18:25:16,845 - INFO - session closed
2023-09-11 18:25:16,845 - INFO - corresponding record found
2023-09-11 18:25:16,845 - INFO - checking if table exist!!...
2023-09-11 18:25:16,847 - INFO - row inserted!..
2023-09-11 18:25:16,852 - INFO - session closed
2023-09-11 18:25:16,852 - INFO - Pushing to kafka
2023-09-11 18:25:16,853 - INFO - <BrokerConnection node_id=bootstrap-0 host=localhost:9092 <connecting> [IPv6 ('::1', 9092, 0, 0)]>: connecting to localhost:9092 [('::1', 9092, 0, 0) IPv6]
2023-09-11 18:25:16,853 - INFO - Probing node bootstrap-0 broker version
2023-09-11 18:25:16,853 - INFO - <BrokerConnection node_id=bootstrap-0 host=localhost:9092 <connecting> [IPv6 ('::1', 9092, 0, 0)]>: Connection complete.
2023-09-11 18:25:16,956 - INFO - Broker version identifed as 1.0.0
2023-09-11 18:25:16,956 - INFO - Set configuration api_version=(1, 0, 0) to skip auto check_version requests on startup
2023-09-11 18:25:16,960 - INFO - <BrokerConnection node_id=0 host=instance-1.us-west4-b.c.apitest-390916.internal:9092 <connecting> [IPv4 ('10.182.0.4', 9092)]>: connecting to instance-1.us-west4-b.c.apitest-390916.internal:9092 [('10.182.0.4', 9092) IPv4]
2023-09-11 18:25:16,960 - INFO - <BrokerConnection node_id=0 host=instance-1.us-west4-b.c.apitest-390916.internal:9092 <connecting> [IPv4 ('10.182.0.4', 9092)]>: Connection complete.
2023-09-11 18:25:16,960 - INFO - <BrokerConnection node_id=bootstrap-0 host=localhost:9092 <connected> [IPv6 ('::1', 9092, 0, 0)]>: Closing connection. 
2023-09-11 18:25:16,968 - INFO - Message delivered to topic:wt-topic-0 in Partition: 1 with Offset: 1
2023-09-11 18:25:16,968 - INFO - Closing the Kafka producer with 9223372036.0 secs timeout.
2023-09-11 18:25:16,968 - INFO - <BrokerConnection node_id=0 host=instance-1.us-west4-b.c.apitest-390916.internal:9092 <connected> [IPv4 ('10.182.0.4', 9092)]>: Closing connection. 
2023-09-11 18:25:16,970 - INFO - Kafka producer closed
2023-09-12 16:42:40,232 - INFO - Serving on http://0.0.0.0:5001
2023-09-12 17:06:40,261 - INFO - starting
2023-09-12 17:06:40,263 - INFO - Inserting to Order submit
2023-09-12 17:06:40,263 - INFO - checking if table exist!!...
2023-09-12 17:06:40,272 - INFO - session closed
2023-09-12 17:06:40,272 - INFO - checking if table exist!!...
2023-09-12 17:06:40,274 - INFO - session closed
2023-09-12 17:06:40,275 - INFO - corresponding record found
2023-09-12 17:06:40,275 - INFO - checking if table exist!!...
2023-09-12 17:06:40,279 - INFO - row inserted!..
2023-09-12 17:06:40,283 - INFO - session closed
2023-09-12 17:06:40,283 - INFO - Pushing to kafka
2023-09-12 17:06:40,284 - INFO - <BrokerConnection node_id=bootstrap-0 host=localhost:9092 <connecting> [IPv6 ('::1', 9092, 0, 0)]>: connecting to localhost:9092 [('::1', 9092, 0, 0) IPv6]
2023-09-12 17:06:40,284 - INFO - Probing node bootstrap-0 broker version
2023-09-12 17:06:40,285 - INFO - <BrokerConnection node_id=bootstrap-0 host=localhost:9092 <connecting> [IPv6 ('::1', 9092, 0, 0)]>: Connection complete.
2023-09-12 17:06:40,390 - INFO - Broker version identifed as 1.0.0
2023-09-12 17:06:40,390 - INFO - Set configuration api_version=(1, 0, 0) to skip auto check_version requests on startup
2023-09-12 17:06:40,395 - INFO - <BrokerConnection node_id=0 host=instance-1.us-west4-b.c.apitest-390916.internal:9092 <connecting> [IPv4 ('10.182.0.4', 9092)]>: connecting to instance-1.us-west4-b.c.apitest-390916.internal:9092 [('10.182.0.4', 9092) IPv4]
2023-09-12 17:06:40,396 - INFO - <BrokerConnection node_id=0 host=instance-1.us-west4-b.c.apitest-390916.internal:9092 <connecting> [IPv4 ('10.182.0.4', 9092)]>: Connection complete.
2023-09-12 17:06:40,396 - INFO - <BrokerConnection node_id=bootstrap-0 host=localhost:9092 <connected> [IPv6 ('::1', 9092, 0, 0)]>: Closing connection. 
2023-09-12 17:06:40,409 - INFO - Message delivered to topic:wt-topic-0 in Partition: 0 with Offset: 0
2023-09-12 17:06:40,409 - INFO - Closing the Kafka producer with 9223372036.0 secs timeout.
2023-09-12 17:06:40,409 - INFO - <BrokerConnection node_id=0 host=instance-1.us-west4-b.c.apitest-390916.internal:9092 <connected> [IPv4 ('10.182.0.4', 9092)]>: Closing connection. 
2023-09-12 17:06:40,410 - INFO - Kafka producer closed
2023-09-12 17:40:10,325 - INFO - starting
2023-09-12 17:40:10,327 - INFO - Inserting to Order submit
2023-09-12 17:40:10,327 - INFO - checking if table exist!!...
2023-09-12 17:40:10,330 - INFO - session closed
2023-09-12 17:40:10,330 - INFO - checking if table exist!!...
2023-09-12 17:40:10,333 - INFO - session closed
2023-09-12 17:40:10,333 - INFO - corresponding record found
2023-09-12 17:40:10,333 - INFO - checking if table exist!!...
2023-09-12 17:40:10,336 - INFO - row inserted!..
2023-09-12 17:40:10,340 - INFO - session closed
2023-09-12 17:40:10,340 - INFO - Pushing to kafka
2023-09-12 17:40:10,342 - INFO - <BrokerConnection node_id=bootstrap-0 host=localhost:9092 <connecting> [IPv6 ('::1', 9092, 0, 0)]>: connecting to localhost:9092 [('::1', 9092, 0, 0) IPv6]
2023-09-12 17:40:10,342 - INFO - Probing node bootstrap-0 broker version
2023-09-12 17:40:10,342 - INFO - <BrokerConnection node_id=bootstrap-0 host=localhost:9092 <connecting> [IPv6 ('::1', 9092, 0, 0)]>: Connection complete.
2023-09-12 17:40:10,445 - INFO - Broker version identifed as 1.0.0
2023-09-12 17:40:10,445 - INFO - Set configuration api_version=(1, 0, 0) to skip auto check_version requests on startup
2023-09-12 17:40:10,450 - INFO - <BrokerConnection node_id=0 host=instance-1.us-west4-b.c.apitest-390916.internal:9092 <connecting> [IPv4 ('10.182.0.4', 9092)]>: connecting to instance-1.us-west4-b.c.apitest-390916.internal:9092 [('10.182.0.4', 9092) IPv4]
2023-09-12 17:40:10,450 - INFO - <BrokerConnection node_id=0 host=instance-1.us-west4-b.c.apitest-390916.internal:9092 <connecting> [IPv4 ('10.182.0.4', 9092)]>: Connection complete.
2023-09-12 17:40:10,450 - INFO - <BrokerConnection node_id=bootstrap-0 host=localhost:9092 <connected> [IPv6 ('::1', 9092, 0, 0)]>: Closing connection. 
2023-09-12 17:40:10,454 - INFO - Message delivered to topic:wt-topic-0 in Partition: 1 with Offset: 0
2023-09-12 17:40:10,454 - INFO - Closing the Kafka producer with 9223372036.0 secs timeout.
2023-09-12 17:40:10,454 - INFO - <BrokerConnection node_id=0 host=instance-1.us-west4-b.c.apitest-390916.internal:9092 <connected> [IPv4 ('10.182.0.4', 9092)]>: Closing connection. 
2023-09-12 17:40:10,454 - INFO - Kafka producer closed
2023-09-12 17:45:11,255 - INFO - starting
2023-09-12 17:45:11,257 - INFO - Inserting to Order submit
2023-09-12 17:45:11,257 - INFO - checking if table exist!!...
2023-09-12 17:45:11,260 - INFO - session closed
2023-09-12 17:45:11,260 - INFO - checking if table exist!!...
2023-09-12 17:45:11,264 - INFO - session closed
2023-09-12 17:45:11,264 - INFO - corresponding record found
2023-09-12 17:45:11,264 - INFO - checking if table exist!!...
2023-09-12 17:45:11,266 - INFO - row inserted!..
2023-09-12 17:45:11,270 - INFO - session closed
2023-09-12 17:45:11,270 - INFO - Pushing to kafka
2023-09-12 17:45:11,271 - INFO - <BrokerConnection node_id=bootstrap-0 host=localhost:9092 <connecting> [IPv6 ('::1', 9092, 0, 0)]>: connecting to localhost:9092 [('::1', 9092, 0, 0) IPv6]
2023-09-12 17:45:11,272 - INFO - Probing node bootstrap-0 broker version
2023-09-12 17:45:11,272 - INFO - <BrokerConnection node_id=bootstrap-0 host=localhost:9092 <connecting> [IPv6 ('::1', 9092, 0, 0)]>: Connection complete.
2023-09-12 17:45:11,375 - INFO - Broker version identifed as 1.0.0
2023-09-12 17:45:11,375 - INFO - Set configuration api_version=(1, 0, 0) to skip auto check_version requests on startup
2023-09-12 17:45:11,378 - INFO - <BrokerConnection node_id=0 host=instance-1.us-west4-b.c.apitest-390916.internal:9092 <connecting> [IPv4 ('10.182.0.4', 9092)]>: connecting to instance-1.us-west4-b.c.apitest-390916.internal:9092 [('10.182.0.4', 9092) IPv4]
2023-09-12 17:45:11,379 - INFO - <BrokerConnection node_id=0 host=instance-1.us-west4-b.c.apitest-390916.internal:9092 <connecting> [IPv4 ('10.182.0.4', 9092)]>: Connection complete.
2023-09-12 17:45:11,379 - INFO - <BrokerConnection node_id=bootstrap-0 host=localhost:9092 <connected> [IPv6 ('::1', 9092, 0, 0)]>: Closing connection. 
2023-09-12 17:45:11,382 - INFO - Message delivered to topic:wt-topic-0 in Partition: 1 with Offset: 1
2023-09-12 17:45:11,382 - INFO - Closing the Kafka producer with 9223372036.0 secs timeout.
2023-09-12 17:45:11,382 - INFO - <BrokerConnection node_id=0 host=instance-1.us-west4-b.c.apitest-390916.internal:9092 <connected> [IPv4 ('10.182.0.4', 9092)]>: Closing connection. 
2023-09-12 17:45:11,383 - INFO - Kafka producer closed
2023-09-13 01:25:56,902 - INFO - Serving on http://0.0.0.0:5001
2023-09-13 01:43:48,866 - INFO - starting
2023-09-13 01:43:48,868 - INFO - Inserting to Order submit
2023-09-13 01:43:48,868 - INFO - checking if table exist!!...
2023-09-13 01:43:48,876 - INFO - session closed
2023-09-13 01:43:48,877 - INFO - checking if table exist!!...
2023-09-13 01:43:48,879 - INFO - session closed
2023-09-13 01:43:48,879 - INFO - corresponding record found
2023-09-13 01:43:48,879 - INFO - checking if table exist!!...
2023-09-13 01:43:48,885 - INFO - row inserted!..
2023-09-13 01:43:48,890 - INFO - session closed
2023-09-13 01:43:48,890 - INFO - Pushing to kafka
2023-09-13 01:43:48,892 - INFO - <BrokerConnection node_id=bootstrap-0 host=localhost:9092 <connecting> [IPv6 ('::1', 9092, 0, 0)]>: connecting to localhost:9092 [('::1', 9092, 0, 0) IPv6]
2023-09-13 01:43:48,892 - INFO - Probing node bootstrap-0 broker version
2023-09-13 01:43:48,892 - INFO - <BrokerConnection node_id=bootstrap-0 host=localhost:9092 <connecting> [IPv6 ('::1', 9092, 0, 0)]>: Connection complete.
2023-09-13 01:43:48,998 - INFO - Broker version identifed as 1.0.0
2023-09-13 01:43:48,998 - INFO - Set configuration api_version=(1, 0, 0) to skip auto check_version requests on startup
2023-09-13 01:43:49,007 - INFO - <BrokerConnection node_id=0 host=instance-1.us-west4-b.c.apitest-390916.internal:9092 <connecting> [IPv4 ('10.182.0.4', 9092)]>: connecting to instance-1.us-west4-b.c.apitest-390916.internal:9092 [('10.182.0.4', 9092) IPv4]
2023-09-13 01:43:49,007 - INFO - <BrokerConnection node_id=0 host=instance-1.us-west4-b.c.apitest-390916.internal:9092 <connecting> [IPv4 ('10.182.0.4', 9092)]>: Connection complete.
2023-09-13 01:43:49,007 - INFO - <BrokerConnection node_id=bootstrap-0 host=localhost:9092 <connected> [IPv6 ('::1', 9092, 0, 0)]>: Closing connection. 
2023-09-13 01:43:49,022 - INFO - Message delivered to topic:wt-topic-0 in Partition: 0 with Offset: 0
2023-09-13 01:43:49,022 - INFO - Closing the Kafka producer with 9223372036.0 secs timeout.
2023-09-13 01:43:49,022 - INFO - <BrokerConnection node_id=0 host=instance-1.us-west4-b.c.apitest-390916.internal:9092 <connected> [IPv4 ('10.182.0.4', 9092)]>: Closing connection. 
2023-09-13 01:43:49,023 - INFO - Kafka producer closed
2023-09-13 01:53:20,084 - INFO - starting
2023-09-13 01:53:20,086 - INFO - Inserting to Order submit
2023-09-13 01:53:20,086 - INFO - checking if table exist!!...
2023-09-13 01:53:20,090 - INFO - session closed
2023-09-13 01:53:20,090 - INFO - checking if table exist!!...
2023-09-13 01:53:20,093 - INFO - session closed
2023-09-13 01:53:20,093 - INFO - corresponding record found
2023-09-13 01:53:20,093 - INFO - checking if table exist!!...
2023-09-13 01:53:20,096 - INFO - row inserted!..
2023-09-13 01:53:20,100 - INFO - session closed
2023-09-13 01:53:20,101 - INFO - Pushing to kafka
2023-09-13 01:53:20,102 - INFO - <BrokerConnection node_id=bootstrap-0 host=localhost:9092 <connecting> [IPv6 ('::1', 9092, 0, 0)]>: connecting to localhost:9092 [('::1', 9092, 0, 0) IPv6]
2023-09-13 01:53:20,103 - INFO - Probing node bootstrap-0 broker version
2023-09-13 01:53:20,103 - INFO - <BrokerConnection node_id=bootstrap-0 host=localhost:9092 <connecting> [IPv6 ('::1', 9092, 0, 0)]>: Connection complete.
2023-09-13 01:53:20,206 - INFO - Broker version identifed as 1.0.0
2023-09-13 01:53:20,206 - INFO - Set configuration api_version=(1, 0, 0) to skip auto check_version requests on startup
2023-09-13 01:53:20,210 - INFO - <BrokerConnection node_id=0 host=instance-1.us-west4-b.c.apitest-390916.internal:9092 <connecting> [IPv4 ('10.182.0.4', 9092)]>: connecting to instance-1.us-west4-b.c.apitest-390916.internal:9092 [('10.182.0.4', 9092) IPv4]
2023-09-13 01:53:20,210 - INFO - <BrokerConnection node_id=0 host=instance-1.us-west4-b.c.apitest-390916.internal:9092 <connecting> [IPv4 ('10.182.0.4', 9092)]>: Connection complete.
2023-09-13 01:53:20,211 - INFO - <BrokerConnection node_id=bootstrap-0 host=localhost:9092 <connected> [IPv6 ('::1', 9092, 0, 0)]>: Closing connection. 
2023-09-13 01:53:20,217 - INFO - Message delivered to topic:wt-topic-0 in Partition: 1 with Offset: 0
2023-09-13 01:53:20,217 - INFO - Closing the Kafka producer with 9223372036.0 secs timeout.
2023-09-13 01:53:20,217 - INFO - <BrokerConnection node_id=0 host=instance-1.us-west4-b.c.apitest-390916.internal:9092 <connected> [IPv4 ('10.182.0.4', 9092)]>: Closing connection. 
2023-09-13 01:53:20,217 - INFO - Kafka producer closed
2023-09-13 01:57:05,843 - INFO - starting
2023-09-13 01:57:05,844 - INFO - Inserting to Order submit
2023-09-13 01:57:05,844 - INFO - checking if table exist!!...
2023-09-13 01:57:05,848 - INFO - session closed
2023-09-13 01:57:05,848 - INFO - checking if table exist!!...
2023-09-13 01:57:05,852 - INFO - session closed
2023-09-13 01:57:05,853 - INFO - corresponding record found
2023-09-13 01:57:05,853 - INFO - checking if table exist!!...
2023-09-13 01:57:05,855 - INFO - row inserted!..
2023-09-13 01:57:05,859 - INFO - session closed
2023-09-13 01:57:05,859 - INFO - Pushing to kafka
2023-09-13 01:57:05,860 - INFO - <BrokerConnection node_id=bootstrap-0 host=localhost:9092 <connecting> [IPv6 ('::1', 9092, 0, 0)]>: connecting to localhost:9092 [('::1', 9092, 0, 0) IPv6]
2023-09-13 01:57:05,860 - INFO - Probing node bootstrap-0 broker version
2023-09-13 01:57:05,861 - INFO - <BrokerConnection node_id=bootstrap-0 host=localhost:9092 <connecting> [IPv6 ('::1', 9092, 0, 0)]>: Connection complete.
2023-09-13 01:57:05,965 - INFO - Broker version identifed as 1.0.0
2023-09-13 01:57:05,965 - INFO - Set configuration api_version=(1, 0, 0) to skip auto check_version requests on startup
2023-09-13 01:57:05,969 - INFO - <BrokerConnection node_id=0 host=instance-1.us-west4-b.c.apitest-390916.internal:9092 <connecting> [IPv4 ('10.182.0.4', 9092)]>: connecting to instance-1.us-west4-b.c.apitest-390916.internal:9092 [('10.182.0.4', 9092) IPv4]
2023-09-13 01:57:05,969 - INFO - <BrokerConnection node_id=0 host=instance-1.us-west4-b.c.apitest-390916.internal:9092 <connecting> [IPv4 ('10.182.0.4', 9092)]>: Connection complete.
2023-09-13 01:57:05,970 - INFO - <BrokerConnection node_id=bootstrap-0 host=localhost:9092 <connected> [IPv6 ('::1', 9092, 0, 0)]>: Closing connection. 
2023-09-13 01:57:05,976 - INFO - Message delivered to topic:wt-topic-0 in Partition: 2 with Offset: 0
2023-09-13 01:57:05,976 - INFO - Closing the Kafka producer with 9223372036.0 secs timeout.
2023-09-13 01:57:05,976 - INFO - <BrokerConnection node_id=0 host=instance-1.us-west4-b.c.apitest-390916.internal:9092 <connected> [IPv4 ('10.182.0.4', 9092)]>: Closing connection. 
2023-09-13 01:57:05,977 - INFO - Kafka producer closed
2023-09-13 02:02:13,730 - INFO - starting
2023-09-13 02:02:13,732 - INFO - Inserting to Order submit
2023-09-13 02:02:13,732 - INFO - checking if table exist!!...
2023-09-13 02:02:13,735 - INFO - session closed
2023-09-13 02:02:13,736 - INFO - checking if table exist!!...
2023-09-13 02:02:13,738 - INFO - session closed
2023-09-13 02:02:13,738 - INFO - corresponding record found
2023-09-13 02:02:13,738 - INFO - checking if table exist!!...
2023-09-13 02:02:13,741 - ERROR - issue with query:(pymysql.err.IntegrityError) (1062, "Duplicate entry '36141bb3a7ccccb7c733e7bff6b697abe84da8c6-00000000-0000-0000-2f08' for key 'tbl_payment_metadata_producer.PRIMARY'")
[SQL: INSERT INTO external.tbl_payment_metadata_producer VALUES ('fdjfhfgfdf676fghfhgjhjhj', '36141bb3a7ccccb7c733e7bff6b697abe84da8c6', '00000000-0000-0000-2f08-6f86c2f6ea32', 'ghghfllrror527kll9l898l', 'hjhjrffffffffffff', 1, 571.42, 1694570533738806577);]
(Background on this error at: https://sqlalche.me/e/20/gkpj)
2023-09-13 02:02:13,741 - INFO - session closed
2023-09-13 02:02:13,741 - ERROR - Issue with Inset_to_order function.. 
2023-09-13 02:02:40,665 - INFO - starting
2023-09-13 02:02:40,667 - INFO - Inserting to Order submit
2023-09-13 02:02:40,667 - INFO - checking if table exist!!...
2023-09-13 02:02:40,672 - INFO - session closed
2023-09-13 02:02:40,672 - INFO - checking if table exist!!...
2023-09-13 02:02:40,674 - INFO - session closed
2023-09-13 02:02:40,675 - INFO - corresponding record found
2023-09-13 02:02:40,675 - INFO - checking if table exist!!...
2023-09-13 02:02:40,677 - INFO - row inserted!..
2023-09-13 02:02:40,681 - INFO - session closed
2023-09-13 02:02:40,681 - INFO - Pushing to kafka
2023-09-13 02:02:40,682 - INFO - <BrokerConnection node_id=bootstrap-0 host=localhost:9092 <connecting> [IPv6 ('::1', 9092, 0, 0)]>: connecting to localhost:9092 [('::1', 9092, 0, 0) IPv6]
2023-09-13 02:02:40,682 - INFO - Probing node bootstrap-0 broker version
2023-09-13 02:02:40,683 - INFO - <BrokerConnection node_id=bootstrap-0 host=localhost:9092 <connecting> [IPv6 ('::1', 9092, 0, 0)]>: Connection complete.
2023-09-13 02:02:40,785 - INFO - Broker version identifed as 1.0.0
2023-09-13 02:02:40,785 - INFO - Set configuration api_version=(1, 0, 0) to skip auto check_version requests on startup
2023-09-13 02:02:40,790 - INFO - <BrokerConnection node_id=0 host=instance-1.us-west4-b.c.apitest-390916.internal:9092 <connecting> [IPv4 ('10.182.0.4', 9092)]>: connecting to instance-1.us-west4-b.c.apitest-390916.internal:9092 [('10.182.0.4', 9092) IPv4]
2023-09-13 02:02:40,790 - INFO - <BrokerConnection node_id=0 host=instance-1.us-west4-b.c.apitest-390916.internal:9092 <connecting> [IPv4 ('10.182.0.4', 9092)]>: Connection complete.
2023-09-13 02:02:40,790 - INFO - <BrokerConnection node_id=bootstrap-0 host=localhost:9092 <connected> [IPv6 ('::1', 9092, 0, 0)]>: Closing connection. 
2023-09-13 02:02:40,792 - INFO - Message delivered to topic:wt-topic-0 in Partition: 1 with Offset: 1
2023-09-13 02:02:40,792 - INFO - Closing the Kafka producer with 9223372036.0 secs timeout.
2023-09-13 02:02:40,794 - INFO - <BrokerConnection node_id=0 host=instance-1.us-west4-b.c.apitest-390916.internal:9092 <connected> [IPv4 ('10.182.0.4', 9092)]>: Closing connection. 
2023-09-13 02:02:40,795 - INFO - Kafka producer closed
2023-09-13 02:05:23,437 - INFO - starting
2023-09-13 02:05:23,438 - INFO - Inserting to Order submit
2023-09-13 02:05:23,438 - INFO - checking if table exist!!...
2023-09-13 02:05:23,442 - INFO - session closed
2023-09-13 02:05:23,442 - INFO - checking if table exist!!...
2023-09-13 02:05:23,444 - INFO - session closed
2023-09-13 02:05:23,444 - INFO - there is a issue
2023-09-13 02:05:23,445 - ERROR - cart does not have anything
2023-09-13 02:05:23,445 - ERROR - Issue with Inset_to_order function.. 
2023-09-13 02:05:34,913 - INFO - starting
2023-09-13 02:05:34,914 - INFO - Inserting to Order submit
2023-09-13 02:05:34,914 - INFO - checking if table exist!!...
2023-09-13 02:05:34,917 - INFO - session closed
2023-09-13 02:05:34,917 - INFO - checking if table exist!!...
2023-09-13 02:05:34,920 - INFO - session closed
2023-09-13 02:05:34,920 - INFO - there is a issue
2023-09-13 02:05:34,920 - ERROR - cart does not have anything
2023-09-13 02:05:34,920 - ERROR - Issue with Inset_to_order function.. 
2023-09-13 02:16:10,076 - INFO - starting
2023-09-13 02:16:10,078 - INFO - Inserting to Order submit
2023-09-13 02:16:10,078 - INFO - checking if table exist!!...
2023-09-13 02:16:10,084 - INFO - session closed
2023-09-13 02:16:10,084 - INFO - checking if table exist!!...
2023-09-13 02:16:10,090 - INFO - session closed
2023-09-13 02:16:10,090 - INFO - corresponding record found
2023-09-13 02:16:10,090 - INFO - checking if table exist!!...
2023-09-13 02:16:10,093 - INFO - row inserted!..
2023-09-13 02:16:10,097 - INFO - session closed
2023-09-13 02:16:10,097 - INFO - Pushing to kafka
2023-09-13 02:16:10,098 - INFO - <BrokerConnection node_id=bootstrap-0 host=localhost:9092 <connecting> [IPv6 ('::1', 9092, 0, 0)]>: connecting to localhost:9092 [('::1', 9092, 0, 0) IPv6]
2023-09-13 02:16:10,099 - INFO - Probing node bootstrap-0 broker version
2023-09-13 02:16:10,100 - INFO - <BrokerConnection node_id=bootstrap-0 host=localhost:9092 <connecting> [IPv6 ('::1', 9092, 0, 0)]>: Connection complete.
2023-09-13 02:16:10,203 - INFO - Broker version identifed as 1.0.0
2023-09-13 02:16:10,203 - INFO - Set configuration api_version=(1, 0, 0) to skip auto check_version requests on startup
2023-09-13 02:16:10,207 - INFO - <BrokerConnection node_id=0 host=instance-1.us-west4-b.c.apitest-390916.internal:9092 <connecting> [IPv4 ('10.182.0.4', 9092)]>: connecting to instance-1.us-west4-b.c.apitest-390916.internal:9092 [('10.182.0.4', 9092) IPv4]
2023-09-13 02:16:10,207 - INFO - <BrokerConnection node_id=0 host=instance-1.us-west4-b.c.apitest-390916.internal:9092 <connecting> [IPv4 ('10.182.0.4', 9092)]>: Connection complete.
2023-09-13 02:16:10,207 - INFO - <BrokerConnection node_id=bootstrap-0 host=localhost:9092 <connected> [IPv6 ('::1', 9092, 0, 0)]>: Closing connection. 
2023-09-13 02:16:10,210 - INFO - Message delivered to topic:wt-topic-0 in Partition: 0 with Offset: 1
2023-09-13 02:16:10,210 - INFO - Closing the Kafka producer with 9223372036.0 secs timeout.
2023-09-13 02:16:10,210 - INFO - <BrokerConnection node_id=0 host=instance-1.us-west4-b.c.apitest-390916.internal:9092 <connected> [IPv4 ('10.182.0.4', 9092)]>: Closing connection. 
2023-09-13 02:16:10,211 - INFO - Kafka producer closed
2023-09-13 04:13:43,702 - INFO - Serving on http://0.0.0.0:5001
2023-09-13 04:43:50,271 - INFO - starting
2023-09-13 04:43:50,273 - INFO - Inserting to Order submit
2023-09-13 04:43:50,273 - INFO - checking if table exist!!...
2023-09-13 04:43:50,280 - INFO - session closed
2023-09-13 04:43:50,281 - INFO - checking if table exist!!...
2023-09-13 04:43:50,284 - INFO - session closed
2023-09-13 04:43:50,284 - INFO - corresponding record found
2023-09-13 04:43:50,284 - INFO - checking if table exist!!...
2023-09-13 04:43:50,289 - INFO - row inserted!..
2023-09-13 04:43:50,292 - INFO - session closed
2023-09-13 04:43:50,293 - INFO - Pushing to kafka
2023-09-13 04:43:50,294 - INFO - <BrokerConnection node_id=bootstrap-0 host=localhost:9092 <connecting> [IPv6 ('::1', 9092, 0, 0)]>: connecting to localhost:9092 [('::1', 9092, 0, 0) IPv6]
2023-09-13 04:43:50,294 - INFO - Probing node bootstrap-0 broker version
2023-09-13 04:43:50,294 - INFO - <BrokerConnection node_id=bootstrap-0 host=localhost:9092 <connecting> [IPv6 ('::1', 9092, 0, 0)]>: Connection complete.
2023-09-13 04:43:50,414 - INFO - Broker version identifed as 1.0.0
2023-09-13 04:43:50,414 - INFO - Set configuration api_version=(1, 0, 0) to skip auto check_version requests on startup
2023-09-13 04:43:50,419 - INFO - <BrokerConnection node_id=0 host=instance-1.us-west4-b.c.apitest-390916.internal:9092 <connecting> [IPv4 ('10.182.0.4', 9092)]>: connecting to instance-1.us-west4-b.c.apitest-390916.internal:9092 [('10.182.0.4', 9092) IPv4]
2023-09-13 04:43:50,420 - INFO - <BrokerConnection node_id=0 host=instance-1.us-west4-b.c.apitest-390916.internal:9092 <connecting> [IPv4 ('10.182.0.4', 9092)]>: Connection complete.
2023-09-13 04:43:50,420 - INFO - <BrokerConnection node_id=bootstrap-0 host=localhost:9092 <connected> [IPv6 ('::1', 9092, 0, 0)]>: Closing connection. 
2023-09-13 04:43:50,479 - INFO - Message delivered to topic:wt-topic-0 in Partition: 1 with Offset: 0
2023-09-13 04:43:50,479 - INFO - Closing the Kafka producer with 9223372036.0 secs timeout.
2023-09-13 04:43:50,479 - INFO - <BrokerConnection node_id=0 host=instance-1.us-west4-b.c.apitest-390916.internal:9092 <connected> [IPv4 ('10.182.0.4', 9092)]>: Closing connection. 
2023-09-13 04:43:50,480 - INFO - Kafka producer closed
2023-09-13 05:58:28,796 - INFO - starting
2023-09-13 05:58:28,798 - INFO - Inserting to Order submit
2023-09-13 05:58:28,798 - INFO - checking if table exist!!...
2023-09-13 05:58:28,801 - INFO - session closed
2023-09-13 05:58:28,802 - INFO - checking if table exist!!...
2023-09-13 05:58:28,804 - INFO - session closed
2023-09-13 05:58:28,804 - INFO - there is a issue
2023-09-13 05:58:28,805 - ERROR - cart does not have anything
2023-09-13 05:58:28,805 - ERROR - Issue with Inset_to_order function.. 
2023-09-13 14:53:03,690 - INFO - starting
2023-09-13 14:53:03,691 - INFO - Inserting to Order submit
2023-09-13 14:53:03,691 - INFO - checking if table exist!!...
2023-09-13 14:53:03,692 - ERROR - Exception during reset or similar
Traceback (most recent call last):
  File "/home/woofandtrill/.local/lib/python3.9/site-packages/sqlalchemy/pool/base.py", line 991, in _finalize_fairy
    fairy._reset(
  File "/home/woofandtrill/.local/lib/python3.9/site-packages/sqlalchemy/pool/base.py", line 1440, in _reset
    pool._dialect.do_rollback(self)
  File "/home/woofandtrill/.local/lib/python3.9/site-packages/sqlalchemy/engine/default.py", line 657, in do_rollback
    dbapi_connection.rollback()
  File "/home/woofandtrill/.local/lib/python3.9/site-packages/pymysql/connections.py", line 482, in rollback
    self._read_ok_packet()
  File "/home/woofandtrill/.local/lib/python3.9/site-packages/pymysql/connections.py", line 442, in _read_ok_packet
    pkt = self._read_packet()
  File "/home/woofandtrill/.local/lib/python3.9/site-packages/pymysql/connections.py", line 705, in _read_packet
    raise err.OperationalError(
pymysql.err.OperationalError: (2013, 'Lost connection to MySQL server during query')
2023-09-13 14:53:03,698 - INFO - session closed
2023-09-13 14:53:03,698 - INFO - checking if table exist!!...
2023-09-13 14:53:03,701 - INFO - session closed
2023-09-13 14:53:03,701 - INFO - corresponding record found
2023-09-13 14:53:03,701 - INFO - checking if table exist!!...
2023-09-13 14:53:03,703 - ERROR - Exception during reset or similar
Traceback (most recent call last):
  File "/home/woofandtrill/.local/lib/python3.9/site-packages/sqlalchemy/event/base.py", line 147, in __init__
    self._empty_listeners = self._empty_listener_reg[instance_cls]
  File "/usr/lib/python3.9/weakref.py", line 405, in __getitem__
    return self.data[ref(key)]
KeyError: <weakref at 0x7fe8603f3bd0; to 'type' at 0x7fe850020800 (Session)>

During handling of the above exception, another exception occurred:

Traceback (most recent call last):
  File "/home/woofandtrill/.local/lib/python3.9/site-packages/sqlalchemy/pool/base.py", line 991, in _finalize_fairy
    fairy._reset(
  File "/home/woofandtrill/.local/lib/python3.9/site-packages/sqlalchemy/pool/base.py", line 1440, in _reset
    pool._dialect.do_rollback(self)
  File "/home/woofandtrill/.local/lib/python3.9/site-packages/sqlalchemy/engine/default.py", line 657, in do_rollback
    dbapi_connection.rollback()
  File "/home/woofandtrill/.local/lib/python3.9/site-packages/pymysql/connections.py", line 482, in rollback
    self._read_ok_packet()
  File "/home/woofandtrill/.local/lib/python3.9/site-packages/pymysql/connections.py", line 442, in _read_ok_packet
    pkt = self._read_packet()
  File "/home/woofandtrill/.local/lib/python3.9/site-packages/pymysql/connections.py", line 705, in _read_packet
    raise err.OperationalError(
pymysql.err.OperationalError: (2013, 'Lost connection to MySQL server during query')
2023-09-13 14:53:03,704 - ERROR - Exception during reset or similar
Traceback (most recent call last):
  File "/home/woofandtrill/.local/lib/python3.9/site-packages/sqlalchemy/event/base.py", line 147, in __init__
    self._empty_listeners = self._empty_listener_reg[instance_cls]
  File "/usr/lib/python3.9/weakref.py", line 405, in __getitem__
    return self.data[ref(key)]
KeyError: <weakref at 0x7fe8603f3bd0; to 'type' at 0x7fe850020800 (Session)>

During handling of the above exception, another exception occurred:

Traceback (most recent call last):
  File "/home/woofandtrill/.local/lib/python3.9/site-packages/sqlalchemy/pool/base.py", line 991, in _finalize_fairy
    fairy._reset(
  File "/home/woofandtrill/.local/lib/python3.9/site-packages/sqlalchemy/pool/base.py", line 1440, in _reset
    pool._dialect.do_rollback(self)
  File "/home/woofandtrill/.local/lib/python3.9/site-packages/sqlalchemy/engine/default.py", line 657, in do_rollback
    dbapi_connection.rollback()
  File "/home/woofandtrill/.local/lib/python3.9/site-packages/pymysql/connections.py", line 482, in rollback
    self._read_ok_packet()
  File "/home/woofandtrill/.local/lib/python3.9/site-packages/pymysql/connections.py", line 442, in _read_ok_packet
    pkt = self._read_packet()
  File "/home/woofandtrill/.local/lib/python3.9/site-packages/pymysql/connections.py", line 705, in _read_packet
    raise err.OperationalError(
pymysql.err.OperationalError: (2013, 'Lost connection to MySQL server during query')
2023-09-13 14:53:03,706 - INFO - row inserted!..
2023-09-13 14:53:03,712 - INFO - session closed
2023-09-13 14:53:03,712 - INFO - Pushing to kafka
2023-09-13 14:53:03,713 - INFO - <BrokerConnection node_id=bootstrap-0 host=localhost:9092 <connecting> [IPv6 ('::1', 9092, 0, 0)]>: connecting to localhost:9092 [('::1', 9092, 0, 0) IPv6]
2023-09-13 14:53:03,713 - INFO - Probing node bootstrap-0 broker version
2023-09-13 14:53:03,713 - INFO - <BrokerConnection node_id=bootstrap-0 host=localhost:9092 <connecting> [IPv6 ('::1', 9092, 0, 0)]>: Connection complete.
2023-09-13 14:53:03,821 - INFO - Broker version identifed as 1.0.0
2023-09-13 14:53:03,821 - INFO - Set configuration api_version=(1, 0, 0) to skip auto check_version requests on startup
2023-09-13 14:53:03,826 - INFO - <BrokerConnection node_id=0 host=instance-1.us-west4-b.c.apitest-390916.internal:9092 <connecting> [IPv4 ('10.182.0.4', 9092)]>: connecting to instance-1.us-west4-b.c.apitest-390916.internal:9092 [('10.182.0.4', 9092) IPv4]
2023-09-13 14:53:03,827 - INFO - <BrokerConnection node_id=0 host=instance-1.us-west4-b.c.apitest-390916.internal:9092 <connecting> [IPv4 ('10.182.0.4', 9092)]>: Connection complete.
2023-09-13 14:53:03,827 - INFO - <BrokerConnection node_id=bootstrap-0 host=localhost:9092 <connected> [IPv6 ('::1', 9092, 0, 0)]>: Closing connection. 
2023-09-13 14:53:03,843 - INFO - Message delivered to topic:wt-topic-0 in Partition: 2 with Offset: 0
2023-09-13 14:53:03,844 - INFO - Closing the Kafka producer with 9223372036.0 secs timeout.
2023-09-13 14:53:03,844 - INFO - <BrokerConnection node_id=0 host=instance-1.us-west4-b.c.apitest-390916.internal:9092 <connected> [IPv4 ('10.182.0.4', 9092)]>: Closing connection. 
2023-09-13 14:53:03,844 - INFO - Kafka producer closed
2023-09-13 18:34:11,720 - INFO - Serving on http://0.0.0.0:5001
2023-09-13 18:45:33,237 - INFO - starting
2023-09-13 18:45:33,239 - INFO - Inserting to Order submit
2023-09-13 18:45:33,239 - INFO - checking if table exist!!...
2023-09-13 18:45:33,248 - INFO - session closed
2023-09-13 18:45:33,249 - INFO - checking if table exist!!...
2023-09-13 18:45:33,252 - INFO - session closed
2023-09-13 18:45:33,252 - INFO - corresponding record found
2023-09-13 18:45:33,252 - INFO - checking if table exist!!...
2023-09-13 18:45:33,258 - INFO - row inserted!..
2023-09-13 18:45:33,262 - INFO - session closed
2023-09-13 18:45:33,262 - INFO - Pushing to kafka
2023-09-13 18:45:33,263 - INFO - <BrokerConnection node_id=bootstrap-0 host=localhost:9092 <connecting> [IPv6 ('::1', 9092, 0, 0)]>: connecting to localhost:9092 [('::1', 9092, 0, 0) IPv6]
2023-09-13 18:45:33,264 - INFO - Probing node bootstrap-0 broker version
2023-09-13 18:45:33,264 - INFO - <BrokerConnection node_id=bootstrap-0 host=localhost:9092 <connecting> [IPv6 ('::1', 9092, 0, 0)]>: Connection complete.
2023-09-13 18:45:33,370 - INFO - Broker version identifed as 1.0.0
2023-09-13 18:45:33,370 - INFO - Set configuration api_version=(1, 0, 0) to skip auto check_version requests on startup
2023-09-13 18:45:33,375 - INFO - <BrokerConnection node_id=0 host=instance-1.us-west4-b.c.apitest-390916.internal:9092 <connecting> [IPv4 ('10.182.0.4', 9092)]>: connecting to instance-1.us-west4-b.c.apitest-390916.internal:9092 [('10.182.0.4', 9092) IPv4]
2023-09-13 18:45:33,376 - INFO - <BrokerConnection node_id=0 host=instance-1.us-west4-b.c.apitest-390916.internal:9092 <connecting> [IPv4 ('10.182.0.4', 9092)]>: Connection complete.
2023-09-13 18:45:33,376 - INFO - <BrokerConnection node_id=bootstrap-0 host=localhost:9092 <connected> [IPv6 ('::1', 9092, 0, 0)]>: Closing connection. 
2023-09-13 18:45:33,391 - INFO - Message delivered to topic:wt-topic-0 in Partition: 1 with Offset: 0
2023-09-13 18:45:33,391 - INFO - Closing the Kafka producer with 9223372036.0 secs timeout.
2023-09-13 18:45:33,391 - INFO - <BrokerConnection node_id=0 host=instance-1.us-west4-b.c.apitest-390916.internal:9092 <connected> [IPv4 ('10.182.0.4', 9092)]>: Closing connection. 
2023-09-13 18:45:33,392 - INFO - Kafka producer closed
2023-09-16 04:44:08,176 - INFO - Serving on http://0.0.0.0:5001
